
> m4capital@0.1.0 build
> next build

   ▲ Next.js 15.5.6
   - Environments: .env

   Creating an optimized production build ...
 ⚠ Compiled with warnings in 65s

./src/app/api/admin/assign-staff/route.ts
Attempted import error: '@/lib/prisma' does not contain a default export (imported as 'prisma').

Import trace for requested module:
./src/app/api/admin/assign-staff/route.ts

./src/app/api/admin/assign-staff/route.ts
Attempted import error: '@/lib/prisma' does not contain a default export (imported as 'prisma').

Import trace for requested module:
./src/app/api/admin/assign-staff/route.ts

./src/app/api/admin/assign-staff/route.ts
Attempted import error: '@/lib/prisma' does not contain a default export (imported as 'prisma').

Import trace for requested module:
./src/app/api/admin/assign-staff/route.ts

./src/app/api/admin/assign-staff/route.ts
Attempted import error: '@/lib/prisma' does not contain a default export (imported as 'prisma').

Import trace for requested module:
./src/app/api/admin/assign-staff/route.ts

./src/app/api/admin/assign-staff/route.ts
Attempted import error: '@/lib/prisma' does not contain a default export (imported as 'prisma').

Import trace for requested module:
./src/app/api/admin/assign-staff/route.ts

./src/app/api/admin/staff-topup/route.ts
Attempted import error: '@/lib/prisma' does not contain a default export (imported as 'prisma').

Import trace for requested module:
./src/app/api/admin/staff-topup/route.ts

./src/app/api/admin/staff-topup/route.ts
Attempted import error: '@/lib/prisma' does not contain a default export (imported as 'prisma').

Import trace for requested module:
./src/app/api/admin/staff-topup/route.ts

./src/app/api/admin/staff-topup/route.ts
Attempted import error: '@/lib/prisma' does not contain a default export (imported as 'prisma').

Import trace for requested module:
./src/app/api/admin/staff-topup/route.ts

./src/app/api/admin/staff-topup/route.ts
Attempted import error: '@/lib/prisma' does not contain a default export (imported as 'prisma').

Import trace for requested module:
./src/app/api/admin/staff-topup/route.ts

./src/app/api/admin/staff-topup/route.ts
Attempted import error: '@/lib/prisma' does not contain a default export (imported as 'prisma').

Import trace for requested module:
./src/app/api/admin/staff-topup/route.ts

./src/app/api/admin/staff-topup/route.ts
Attempted import error: '@/lib/prisma' does not contain a default export (imported as 'prisma').

Import trace for requested module:
./src/app/api/admin/staff-topup/route.ts

./src/app/api/admin/staff-topup/route.ts
Attempted import error: '@/lib/prisma' does not contain a default export (imported as 'prisma').

Import trace for requested module:
./src/app/api/admin/staff-topup/route.ts

./src/app/api/admin/staff-users/route.ts
Attempted import error: '@/lib/prisma' does not contain a default export (imported as 'prisma').

Import trace for requested module:
./src/app/api/admin/staff-users/route.ts

./src/app/api/admin/staff-users/route.ts
Attempted import error: '@/lib/prisma' does not contain a default export (imported as 'prisma').

Import trace for requested module:
./src/app/api/admin/staff-users/route.ts

   Skipping linting
   Checking validity of types ...
Failed to compile.

./src/app/(dashboard)/news/page.tsx:241:40
Type error: Cannot find name 'ExtendedNewsItem'.

[0m [90m 239 |[39m   }[33m;[39m
 [90m 240 |[39m
[31m[1m>[22m[39m[90m 241 |[39m   [36mconst[39m shareArticle [33m=[39m [36masync[39m (article[33m:[39m [33mExtendedNewsItem[39m) [33m=>[39m {
 [90m     |[39m                                        [31m[1m^[22m[39m
 [90m 242 |[39m     [36mif[39m (navigator[33m.[39mshare) {
 [90m 243 |[39m       [36mtry[39m {
 [90m 244 |[39m         [36mawait[39m navigator[33m.[39mshare({[0m
Next.js build worker exited with code: 1 and signal: null
